Using pre-set license
Built from '2020.3/release' branch; Version is '2020.3.27f1 (e759542391ea) revision 15161684'; Using compiler version '192528614'; Build Type 'Release'
OS: 'Windows 10  (10.0.19043) 64bit Professional' Language: 'en' Physical Memory: 16332 MB
BatchMode: 1, IsHumanControllingUs: 0, StartBugReporterOnCrash: 0, Is64bit: 1, IsPro: 0

COMMAND LINE ARGUMENTS:
C:\Program Files\Unity\Hub\Editor\2020.3.27f1\Editor\Unity.exe
-adb2
-batchMode
-noUpm
-name
AssetImportWorker0
-projectPath
C:/GitHub Repository/RockPal/RockPal
-logFile
Logs/AssetImportWorker0.log
-srvPort
52490
Successfully changed project path to: C:/GitHub Repository/RockPal/RockPal
C:/GitHub Repository/RockPal/RockPal
Using Asset Import Pipeline V2.
Refreshing native plugins compatible for Editor in 39.10 ms, found 2 plugins.
Preloading 0 native plugins for Editor in 0.00 ms.
Initialize engine version: 2020.3.27f1 (e759542391ea)
[Subsystems] Discovering subsystems at path C:/Program Files/Unity/Hub/Editor/2020.3.27f1/Editor/Data/Resources/UnitySubsystems
[Subsystems] Discovering subsystems at path C:/GitHub Repository/RockPal/RockPal/Assets
GfxDevice: creating device client; threaded=0
Direct3D:
    Version:  Direct3D 11.0 [level 11.1]
    Renderer: Radeon RX 580 Series (ID=0x67df)
    Vendor:   
    VRAM:     8171 MB
    Driver:   30.0.13023.1012
Initialize mono
Mono path[0] = 'C:/Program Files/Unity/Hub/Editor/2020.3.27f1/Editor/Data/Managed'
Mono path[1] = 'C:/Program Files/Unity/Hub/Editor/2020.3.27f1/Editor/Data/MonoBleedingEdge/lib/mono/unityjit'
Mono config path = 'C:/Program Files/Unity/Hub/Editor/2020.3.27f1/Editor/Data/MonoBleedingEdge/etc'
Using monoOptions --debugger-agent=transport=dt_socket,embedding=1,server=y,suspend=n,address=127.0.0.1:56028
Begin MonoManager ReloadAssembly
Registering precompiled unity dll's ...
Register platform support module: C:/Program Files/Unity/Hub/Editor/2020.3.27f1/Editor/Data/PlaybackEngines/WebGLSupport/UnityEditor.WebGL.Extensions.dll
Register platform support module: C:/Program Files/Unity/Hub/Editor/2020.3.27f1/Editor/Data/PlaybackEngines/WindowsStandaloneSupport/UnityEditor.WindowsStandalone.Extensions.dll
Registered in 0.003511 seconds.
Native extension for WindowsStandalone target not found
Native extension for WebGL target not found
Refreshing native plugins compatible for Editor in 35.08 ms, found 2 plugins.
Preloading 0 native plugins for Editor in 0.00 ms.
Mono: successfully reloaded assembly
- Completed reload, in  0.708 seconds
Domain Reload Profiling:
	ReloadAssembly (708ms)
		BeginReloadAssembly (83ms)
			ExecutionOrderSort (0ms)
			DisableScriptedObjects (0ms)
			BackupInstance (0ms)
			ReleaseScriptingObjects (0ms)
			CreateAndSetChildDomain (1ms)
		EndReloadAssembly (528ms)
			LoadAssemblies (80ms)
			RebuildTransferFunctionScriptingTraits (0ms)
			SetupTypeCache (180ms)
			ReleaseScriptCaches (0ms)
			RebuildScriptCaches (35ms)
			SetupLoadedEditorAssemblies (195ms)
				LogAssemblyErrors (0ms)
				InitializePlatformSupportModulesInManaged (8ms)
				SetLoadedEditorAssemblies (0ms)
				RefreshPlugins (35ms)
				BeforeProcessingInitializeOnLoad (10ms)
				ProcessInitializeOnLoadAttributes (106ms)
				ProcessInitializeOnLoadMethodAttributes (35ms)
				AfterProcessingInitializeOnLoad (0ms)
				EditorAssembliesLoaded (0ms)
			ExecutionOrderSort2 (0ms)
			AwakeInstancesAfterBackupRestoration (0ms)
Platform modules already initialized, skipping
Registering precompiled user dll's ...
Registered in 0.006237 seconds.
Begin MonoManager ReloadAssembly
Native extension for WindowsStandalone target not found
Native extension for WebGL target not found
Refreshing native plugins compatible for Editor in 0.39 ms, found 2 plugins.
Preloading 0 native plugins for Editor in 0.00 ms.
Mono: successfully reloaded assembly
- Completed reload, in  1.211 seconds
Domain Reload Profiling:
	ReloadAssembly (1213ms)
		BeginReloadAssembly (194ms)
			ExecutionOrderSort (0ms)
			DisableScriptedObjects (7ms)
			BackupInstance (0ms)
			ReleaseScriptingObjects (0ms)
			CreateAndSetChildDomain (23ms)
		EndReloadAssembly (938ms)
			LoadAssemblies (120ms)
			RebuildTransferFunctionScriptingTraits (0ms)
			SetupTypeCache (340ms)
			ReleaseScriptCaches (1ms)
			RebuildScriptCaches (46ms)
			SetupLoadedEditorAssemblies (341ms)
				LogAssemblyErrors (0ms)
				InitializePlatformSupportModulesInManaged (7ms)
				SetLoadedEditorAssemblies (1ms)
				RefreshPlugins (0ms)
				BeforeProcessingInitializeOnLoad (65ms)
				ProcessInitializeOnLoadAttributes (246ms)
				ProcessInitializeOnLoadMethodAttributes (11ms)
				AfterProcessingInitializeOnLoad (10ms)
				EditorAssembliesLoaded (0ms)
			ExecutionOrderSort2 (0ms)
			AwakeInstancesAfterBackupRestoration (8ms)
Platform modules already initialized, skipping
========================================================================
Worker process is ready to serve import requests
Launched and connected shader compiler UnityShaderCompiler.exe after 0.06 seconds
Refreshing native plugins compatible for Editor in 0.40 ms, found 2 plugins.
Preloading 0 native plugins for Editor in 0.00 ms.
Unloading 1503 Unused Serialized files (Serialized files now loaded: 0)
System memory in use before: 67.5 MB.
System memory in use after: 67.6 MB.

Unloading 19 unused Assets to reduce memory usage. Loaded Objects now: 1935.
Total: 3.431200 ms (FindLiveObjects: 0.163700 ms CreateObjectMapping: 0.036200 ms MarkObjects: 3.145700 ms  DeleteObjects: 0.084000 ms)

AssetImportParameters requested are different than current active one (requested -> active):
  custom:framework-win-MediaFoundation: 216162199b28c13a410421893ffa2e32 -> 
  custom:video-decoder-ogg-theora: a1e56fd34408186e4bbccfd4996cb3dc -> 
  custom:container-muxer-webm: aa71ff27fc2769a1b78a27578f13a17b -> 
  custom:container-demuxer-webm: 4f35f7cbe854078d1ac9338744f61a02 -> 
  custom:container-demuxer-ogg: 62fdf1f143b41e24485cea50d1cbac27 -> 
  custom:video-encoder-webm-vp8: eb34c28f22e8b96e1ab97ce403110664 -> 
  custom:video-decoder-webm-vp8: 9c59270c3fd7afecdb556c50c9e8de78 -> 
  custom:audio-decoder-ogg-vorbis: bf7c407c2cedff20999df2af8eb42d56 -> 
  custom:audio-encoder-webm-vorbis: bf7c407c2cedff20999df2af8eb42d56 -> 
========================================================================
Received Import Request.
  path: Assets/Blender Models
  artifactKey: Guid(5e1b6c90462217146a4b2ed8b7e1febc) Importer(815301076,1909f56bfc062723c751e8b465ee728b)
Start importing Assets/Blender Models using Guid(5e1b6c90462217146a4b2ed8b7e1febc) Importer(815301076,1909f56bfc062723c751e8b465ee728b)  -> (artifact id: '775dc97117a466554e803bc7784dce64') in 0.012533 seconds 
  Import took 0.015934 seconds .

========================================================================
Received Import Request.
  Time since last request: 292.135504 seconds.
  path: Assets/Blender Models/FallTree1.blend
  artifactKey: Guid(26fed88c8977e3d45b43c4bfcf98aac4) Importer(815301076,1909f56bfc062723c751e8b465ee728b)
Start importing Assets/Blender Models/FallTree1.blend using Guid(26fed88c8977e3d45b43c4bfcf98aac4) Importer(815301076,1909f56bfc062723c751e8b465ee728b)  -> (artifact id: 'aaab3195235e3b877d31827d583ff85d') in 0.472907 seconds 
  Import took 0.475899 seconds .

========================================================================
Received Import Request.
  Time since last request: 0.000198 seconds.
  path: Assets/Blender Models/ocean n home.blend
  artifactKey: Guid(32816d822a97e0d4cb71ea6deeb5d724) Importer(815301076,1909f56bfc062723c751e8b465ee728b)
Start importing Assets/Blender Models/ocean n home.blend using Guid(32816d822a97e0d4cb71ea6deeb5d724) Importer(815301076,1909f56bfc062723c751e8b465ee728b)  -> (artifact id: '392b59ef3266dc2ec99701890ab8eb06') in 0.057116 seconds 
  Import took 0.059956 seconds .

========================================================================
Received Import Request.
  Time since last request: 0.000210 seconds.
  path: Assets/Blender Models/WinterTree2.blend
  artifactKey: Guid(9bf1b05e7d887ae4ea4ab74c588a9a93) Importer(815301076,1909f56bfc062723c751e8b465ee728b)
Start importing Assets/Blender Models/WinterTree2.blend using Guid(9bf1b05e7d887ae4ea4ab74c588a9a93) Importer(815301076,1909f56bfc062723c751e8b465ee728b)  -> (artifact id: '2e692929fa8106205c11f1aa4b51a166') in 0.071543 seconds 
  Import took 0.074157 seconds .

========================================================================
Received Import Request.
  Time since last request: 0.000201 seconds.
  path: Assets/Blender Models/Jimmy The Rock Bud.blend
  artifactKey: Guid(2094c0d9cc3ed0346a54aa5d96290ab7) Importer(815301076,1909f56bfc062723c751e8b465ee728b)
Start importing Assets/Blender Models/Jimmy The Rock Bud.blend using Guid(2094c0d9cc3ed0346a54aa5d96290ab7) Importer(815301076,1909f56bfc062723c751e8b465ee728b)  -> (artifact id: 'f57d00472a60682dc1b65f74d9790625') in 0.173108 seconds 
  Import took 0.176433 seconds .

========================================================================
Received Import Request.
  Time since last request: 0.000251 seconds.
  path: Assets/Blender Models/FallTree2.blend
  artifactKey: Guid(2ca2b8c602c8a3243985ccbb972a7433) Importer(815301076,1909f56bfc062723c751e8b465ee728b)
Start importing Assets/Blender Models/FallTree2.blend using Guid(2ca2b8c602c8a3243985ccbb972a7433) Importer(815301076,1909f56bfc062723c751e8b465ee728b)  -> (artifact id: 'eeb1c2b01d07582e36b0e692afaff9dc') in 0.128452 seconds 
  Import took 0.131563 seconds .

========================================================================
Received Import Request.
  Time since last request: 0.000249 seconds.
  path: Assets/Blender Models/Tree2.blend
  artifactKey: Guid(8c8569c6799439945b68102d38397d35) Importer(815301076,1909f56bfc062723c751e8b465ee728b)
Start importing Assets/Blender Models/Tree2.blend using Guid(8c8569c6799439945b68102d38397d35) Importer(815301076,1909f56bfc062723c751e8b465ee728b)  -> (artifact id: '5b43e40558dfdcae47b0550a7ee23ea2') in 0.133142 seconds 
  Import took 0.136631 seconds .

========================================================================
Received Import Request.
  Time since last request: 0.000211 seconds.
  path: Assets/Blender Models/Mai Gai the Skele.blend
  artifactKey: Guid(b9cf9975e65757f42b96e8723de3d3a6) Importer(815301076,1909f56bfc062723c751e8b465ee728b)
Start importing Assets/Blender Models/Mai Gai the Skele.blend using Guid(b9cf9975e65757f42b96e8723de3d3a6) Importer(815301076,1909f56bfc062723c751e8b465ee728b)  -> (artifact id: 'cb152f3cef214d1b2fc791e4b29cc44e') in 1.156630 seconds 
  Import took 1.161183 seconds .

========================================================================
Received Import Request.
  Time since last request: 0.000235 seconds.
  path: Assets/Blender Models/WinterTree1.blend
  artifactKey: Guid(1b1ea89f0c99b0e4dab879200aa4cbbf) Importer(815301076,1909f56bfc062723c751e8b465ee728b)
Start importing Assets/Blender Models/WinterTree1.blend using Guid(1b1ea89f0c99b0e4dab879200aa4cbbf) Importer(815301076,1909f56bfc062723c751e8b465ee728b)  -> (artifact id: '46b7292479c4bf1fcfeebb9f34ddcee6') in 0.097047 seconds 
  Import took 0.099781 seconds .

========================================================================
Received Import Request.
  Time since last request: 0.000249 seconds.
  path: Assets/Blender Models/Tree1.blend
  artifactKey: Guid(c42f329507f3b5b4591a38eec5e89e93) Importer(815301076,1909f56bfc062723c751e8b465ee728b)
Start importing Assets/Blender Models/Tree1.blend using Guid(c42f329507f3b5b4591a38eec5e89e93) Importer(815301076,1909f56bfc062723c751e8b465ee728b)  -> (artifact id: 'e54f309e3247393db7208800cc988415') in 0.178539 seconds 
  Import took 0.181430 seconds .

========================================================================
Received Prepare
Registering precompiled user dll's ...
Registered in 0.007972 seconds.
Begin MonoManager ReloadAssembly
Native extension for WindowsStandalone target not found
Native extension for WebGL target not found
Refreshing native plugins compatible for Editor in 0.42 ms, found 2 plugins.
Preloading 0 native plugins for Editor in 0.00 ms.
Mono: successfully reloaded assembly
- Completed reload, in  1.280 seconds
Domain Reload Profiling:
	ReloadAssembly (1280ms)
		BeginReloadAssembly (181ms)
			ExecutionOrderSort (0ms)
			DisableScriptedObjects (6ms)
			BackupInstance (0ms)
			ReleaseScriptingObjects (0ms)
			CreateAndSetChildDomain (48ms)
		EndReloadAssembly (999ms)
			LoadAssemblies (158ms)
			RebuildTransferFunctionScriptingTraits (0ms)
			SetupTypeCache (363ms)
			ReleaseScriptCaches (1ms)
			RebuildScriptCaches (41ms)
			SetupLoadedEditorAssemblies (358ms)
				LogAssemblyErrors (0ms)
				InitializePlatformSupportModulesInManaged (8ms)
				SetLoadedEditorAssemblies (1ms)
				RefreshPlugins (1ms)
				BeforeProcessingInitializeOnLoad (66ms)
				ProcessInitializeOnLoadAttributes (257ms)
				ProcessInitializeOnLoadMethodAttributes (14ms)
				AfterProcessingInitializeOnLoad (12ms)
				EditorAssembliesLoaded (0ms)
			ExecutionOrderSort2 (0ms)
			AwakeInstancesAfterBackupRestoration (11ms)
Platform modules already initialized, skipping
Refreshing native plugins compatible for Editor in 0.60 ms, found 2 plugins.
Preloading 0 native plugins for Editor in 0.00 ms.
Unloading 1497 Unused Serialized files (Serialized files now loaded: 0)
System memory in use before: 84.7 MB.
System memory in use after: 84.8 MB.

Unloading 15 unused Assets to reduce memory usage. Loaded Objects now: 1981.
Total: 4.317100 ms (FindLiveObjects: 0.260000 ms CreateObjectMapping: 0.050300 ms MarkObjects: 3.966500 ms  DeleteObjects: 0.038100 ms)

AssetImportParameters requested are different than current active one (requested -> active):
  custom:framework-win-MediaFoundation: 216162199b28c13a410421893ffa2e32 -> 
  custom:video-decoder-ogg-theora: a1e56fd34408186e4bbccfd4996cb3dc -> 
  custom:container-muxer-webm: aa71ff27fc2769a1b78a27578f13a17b -> 
  custom:container-demuxer-webm: 4f35f7cbe854078d1ac9338744f61a02 -> 
  custom:container-demuxer-ogg: 62fdf1f143b41e24485cea50d1cbac27 -> 
  custom:video-encoder-webm-vp8: eb34c28f22e8b96e1ab97ce403110664 -> 
  custom:video-decoder-webm-vp8: 9c59270c3fd7afecdb556c50c9e8de78 -> 
  custom:audio-decoder-ogg-vorbis: bf7c407c2cedff20999df2af8eb42d56 -> 
  custom:audio-encoder-webm-vorbis: bf7c407c2cedff20999df2af8eb42d56 -> 
